<?xml version="1.0" encoding="UTF-8"?>
<!-- Generated by org.testng.reporters.JUnitXMLReporter -->
<testsuite ignored="0" hostname="DESKTOP-C1CV5TG" failures="0" tests="4" name="Add Customer Test" time="14.604" errors="0" timestamp="2021-10-10T23:57:35 BST">
  <testcase classname="testcases.AddCustomerTest" name="addCustomerTest" time="12.692"/>
  <testcase classname="testcases.AddCustomerTest" name="addCustomerTest" time="0.571"/>
  <testcase classname="testcases.AddCustomerTest" name="addCustomerTest" time="0.81"/>
  <testcase classname="testcases.AddCustomerTest" name="addCustomerTest" time="0.469"/>
</testsuite> <!-- Add Customer Test -->
