<?xml version="1.0" encoding="UTF-8"?>
<!-- Generated by org.testng.reporters.JUnitXMLReporter -->
<testsuite ignored="0" hostname="DESKTOP-C1CV5TG" failures="0" tests="4" name="Add Customer Test" time="6.117" errors="0" timestamp="2021-10-11T00:31:05 BST">
  <testcase classname="testcases.AddCustomerTest" name="addCustomerTest" time="4.047"/>
  <testcase classname="testcases.AddCustomerTest" name="addCustomerTest" time="0.815"/>
  <testcase classname="testcases.AddCustomerTest" name="addCustomerTest" time="0.631"/>
  <testcase classname="testcases.AddCustomerTest" name="addCustomerTest" time="0.602"/>
</testsuite> <!-- Add Customer Test -->
