<?xml version="1.0" encoding="UTF-8"?>
<!-- Generated by org.testng.reporters.JUnitXMLReporter -->
<testsuite ignored="0" hostname="DESKTOP-C1CV5TG" failures="0" tests="4" name="Add Customer Test" time="9.053" errors="0" timestamp="2021-10-11T00:09:53 BST">
  <testcase classname="testcases.AddCustomerTest" name="addCustomerTest" time="7.498"/>
  <testcase classname="testcases.AddCustomerTest" name="addCustomerTest" time="0.537"/>
  <testcase classname="testcases.AddCustomerTest" name="addCustomerTest" time="0.565"/>
  <testcase classname="testcases.AddCustomerTest" name="addCustomerTest" time="0.423"/>
</testsuite> <!-- Add Customer Test -->
