<?xml version="1.0" encoding="UTF-8"?>
<testng-results ignored="0" total="6" passed="6" failed="0" skipped="0">
  <reporter-output>
  </reporter-output>
  <suite started-at="2021-10-09T21:18:20 BST" name="Data Driven Sample" finished-at="2021-10-09T21:18:41 BST" duration-ms="20789">
    <groups>
    </groups>
    <test started-at="2021-10-09T21:18:20 BST" name="Bank Manager Login Test" finished-at="2021-10-09T21:18:27 BST" duration-ms="6585">
      <class name="testcases.BankManagerLoginTest">
        <test-method signature="bankManagerLoginTest()[pri:0, instance:testcases.BankManagerLoginTest@15bcf458]" started-at="2021-10-09T21:18:21 BST" name="bankManagerLoginTest" finished-at="2021-10-09T21:18:27 BST" duration-ms="6484" status="PASS">
          <reporter-output>
          </reporter-output>
        </test-method> <!-- bankManagerLoginTest -->
      </class> <!-- testcases.BankManagerLoginTest -->
    </test> <!-- Bank Manager Login Test -->
    <test started-at="2021-10-09T21:18:29 BST" name="Add Customer Test" finished-at="2021-10-09T21:18:38 BST" duration-ms="9012">
      <class name="testcases.AddCustomerTest">
        <test-method signature="addCustomerTest(java.util.Hashtable)[pri:0, instance:testcases.AddCustomerTest@41382722]" started-at="2021-10-09T21:18:29 BST" name="addCustomerTest" data-provider="dp" finished-at="2021-10-09T21:18:35 BST" duration-ms="6593" status="PASS">
          <params>
            <param index="0">
              <value>
                <![CDATA[{alerttext=Customer added successfully, postcode=qwe123, lastname=Lekshmanan, runmode=Y, firstname=Naga}]]>
              </value>
            </param>
          </params>
          <reporter-output>
          </reporter-output>
        </test-method> <!-- addCustomerTest -->
        <test-method signature="addCustomerTest(java.util.Hashtable)[pri:0, instance:testcases.AddCustomerTest@41382722]" started-at="2021-10-09T21:18:35 BST" name="addCustomerTest" data-provider="dp" finished-at="2021-10-09T21:18:37 BST" duration-ms="1314" status="PASS">
          <params>
            <param index="0">
              <value>
                <![CDATA[{alerttext=Customer added successfully, postcode=qwe123, lastname=Guru, runmode=Y, firstname=Balaji}]]>
              </value>
            </param>
          </params>
          <reporter-output>
          </reporter-output>
        </test-method> <!-- addCustomerTest -->
        <test-method signature="addCustomerTest(java.util.Hashtable)[pri:0, instance:testcases.AddCustomerTest@41382722]" started-at="2021-10-09T21:18:37 BST" name="addCustomerTest" data-provider="dp" finished-at="2021-10-09T21:18:37 BST" duration-ms="532" status="PASS">
          <params>
            <param index="0">
              <value>
                <![CDATA[{alerttext=Customer added successfully, postcode=qwe123, lastname=Bala, runmode=Y, firstname=Adhi}]]>
              </value>
            </param>
          </params>
          <reporter-output>
          </reporter-output>
        </test-method> <!-- addCustomerTest -->
        <test-method signature="addCustomerTest(java.util.Hashtable)[pri:0, instance:testcases.AddCustomerTest@41382722]" started-at="2021-10-09T21:18:37 BST" name="addCustomerTest" data-provider="dp" finished-at="2021-10-09T21:18:38 BST" duration-ms="552" status="PASS">
          <params>
            <param index="0">
              <value>
                <![CDATA[{alerttext=Customer added successfully, postcode=aqwe, lastname=Raju, runmode=Y, firstname=Ram}]]>
              </value>
            </param>
          </params>
          <reporter-output>
          </reporter-output>
        </test-method> <!-- addCustomerTest -->
      </class> <!-- testcases.AddCustomerTest -->
    </test> <!-- Add Customer Test -->
    <test started-at="2021-10-09T21:18:38 BST" name="Open Account Test" finished-at="2021-10-09T21:18:41 BST" duration-ms="3370">
      <class name="testcases.OpenAccountTest">
        <test-method is-config="true" signature="setUp()[pri:0, instance:testcases.OpenAccountTest@65f87a2c]" started-at="2021-10-09T21:17:17 BST" name="setUp" finished-at="2021-10-09T21:18:20 BST" duration-ms="63528" status="PASS">
          <reporter-output>
          </reporter-output>
        </test-method> <!-- setUp -->
        <test-method signature="openAccountTest(java.util.Hashtable)[pri:0, instance:testcases.OpenAccountTest@65f87a2c]" started-at="2021-10-09T21:18:38 BST" name="openAccountTest" data-provider="dp" finished-at="2021-10-09T21:18:41 BST" duration-ms="3365" status="PASS">
          <params>
            <param index="0">
              <value>
                <![CDATA[{currency=Rupee, customer=Naga Lekshmanan}]]>
              </value>
            </param>
          </params>
          <reporter-output>
          </reporter-output>
        </test-method> <!-- openAccountTest -->
        <test-method is-config="true" signature="tearDown()[pri:0, instance:testcases.OpenAccountTest@65f87a2c]" started-at="2021-10-09T21:18:41 BST" name="tearDown" finished-at="2021-10-09T21:18:43 BST" duration-ms="1623" status="PASS">
          <reporter-output>
          </reporter-output>
        </test-method> <!-- tearDown -->
      </class> <!-- testcases.OpenAccountTest -->
    </test> <!-- Open Account Test -->
  </suite> <!-- Data Driven Sample -->
</testng-results>
