<?xml version="1.0" encoding="UTF-8"?>
<testsuite xmlns:xsi="http://www.w3.org/2001/XMLSchema-instance" xsi:noNamespaceSchemaLocation="https://maven.apache.org/surefire/maven-surefire-plugin/xsd/surefire-test-report-3.0.xsd" version="3.0" name="TestSuite" time="61.189" tests="6" errors="0" skipped="0" failures="0">
  <properties>
[...]
</properties>
  <testcase name="bankManagerLoginTest" classname="testcases.BankManagerLoginTest" time="5.249">
    <system-out><![CDATA[0 [main] DEBUG devpinoyLogger  - Config file loaded!!!
2 [main] DEBUG devpinoyLogger  - OR file loaded
1155 [main] DEBUG io.github.bonigarcia.wdm.cache.ResolutionCache  - Resolution chrome=94 in cache (valid until 00:34:43 11/10/2021 BST)
1157 [main] DEBUG io.github.bonigarcia.wdm.cache.ResolutionCache  - Resolution chrome94=94.0.4606.61 in cache (valid until 23:34:43 11/10/2021 BST)
1158 [main] INFO io.github.bonigarcia.wdm.WebDriverManager  - Using chromedriver 94.0.4606.61 (resolved driver for Chrome 94)
1214 [main] DEBUG io.github.bonigarcia.wdm.WebDriverManager  - Driver chromedriver 94.0.4606.61 found in cache
1217 [main] INFO io.github.bonigarcia.wdm.WebDriverManager  - Exporting webdriver.chrome.driver as C:\Users\Admin\.cache\selenium\chromedriver\win32\94.0.4606.61\chromedriver.exe
28081 [main] DEBUG devpinoyLogger  - Chrome Launched!!
33777 [main] DEBUG devpinoyLogger  - Navigated to : https://www.way2automation.com/angularjs-protractor/banking/#/login
35724 [main] DEBUG devpinoyLogger  - Inside login Test
40471 [main] DEBUG devpinoyLogger  - Login successfully executed
]]></system-out>
    <system-err><![CDATA[Starting ChromeDriver 94.0.4606.61 (418b78f5838ed0b1c69bb4e51ea0252171854915-refs/branch-heads/4606@{#1204}) on port 22116
Only local connections are allowed.
Please see https://chromedriver.chromium.org/security-considerations for suggestions on keeping ChromeDriver safe.
ChromeDriver was started successfully.
Oct 11, 2021 12:09:29 AM org.openqa.selenium.remote.ProtocolHandshake createSession
INFO: Detected dialect: W3C
]]></system-err>
  </testcase>
  <testcase name="addCustomerTest[{alerttext=Customer added successfully, postcode=qwe123, lastname=Lekshmanan, runmode=Y, firstname=Naga}](1)" classname="testcases.AddCustomerTest" time="7.343">
    <system-out><![CDATA[==============================================================================================
Total Passed: 1(+1), Failures: 0(+0), Skips: 0(+0)
==============================================================================================
==============================================================================================
Total Passed: 2(+1), Failures: 0(+0), Skips: 0(+0)
==============================================================================================
41599 [main] DEBUG freemarker.cache  - Couldn't find template in cache for "spark/spark.spa.ftl"("en_IN", UTF-8, parsed); will try to load it.
41602 [main] DEBUG freemarker.cache  - TemplateLoader.findTemplateSource("spark/spark.spa_en_IN.ftl"): Not found
41606 [main] DEBUG freemarker.cache  - TemplateLoader.findTemplateSource("spark/spark.spa_en.ftl"): Not found
41607 [main] DEBUG freemarker.cache  - TemplateLoader.findTemplateSource("spark/spark.spa.ftl"): Found
41607 [main] DEBUG freemarker.cache  - Loading template for "spark/spark.spa.ftl"("en_IN", UTF-8, parsed) from "jar:file:/C:/Users/Admin/.m2/repository/com/aventstack/extentreports/5.0.9/extentreports-5.0.9.jar!/com/aventstack/extentreports/templates/spark/spark.spa.ftl"
41764 [main] DEBUG freemarker.cache  - Couldn't find template in cache for "commons/commons-variables.ftl"("en_IN", UTF-8, parsed); will try to load it.
41765 [main] DEBUG freemarker.cache  - TemplateLoader.findTemplateSource("commons/commons-variables_en_IN.ftl"): Not found
41765 [main] DEBUG freemarker.cache  - TemplateLoader.findTemplateSource("commons/commons-variables_en.ftl"): Not found
41766 [main] DEBUG freemarker.cache  - TemplateLoader.findTemplateSource("commons/commons-variables.ftl"): Found
41766 [main] DEBUG freemarker.cache  - Loading template for "commons/commons-variables.ftl"("en_IN", UTF-8, parsed) from "jar:file:/C:/Users/Admin/.m2/repository/com/aventstack/extentreports/5.0.9/extentreports-5.0.9.jar!/com/aventstack/extentreports/templates/commons/commons-variables.ftl"
42181 [main] DEBUG freemarker.cache  - Couldn't find template in cache for "commons/commons-macros.ftl"("en_IN", UTF-8, parsed); will try to load it.
42181 [main] DEBUG freemarker.cache  - TemplateLoader.findTemplateSource("commons/commons-macros_en_IN.ftl"): Not found
42182 [main] DEBUG freemarker.cache  - TemplateLoader.findTemplateSource("commons/commons-macros_en.ftl"): Not found
42182 [main] DEBUG freemarker.cache  - TemplateLoader.findTemplateSource("commons/commons-macros.ftl"): Found
42182 [main] DEBUG freemarker.cache  - Loading template for "commons/commons-macros.ftl"("en_IN", UTF-8, parsed) from "jar:file:/C:/Users/Admin/.m2/repository/com/aventstack/extentreports/5.0.9/extentreports-5.0.9.jar!/com/aventstack/extentreports/templates/commons/commons-macros.ftl"
42200 [main] DEBUG freemarker.cache  - Couldn't find template in cache for "spark/macros/attributes.ftl"("en_IN", UTF-8, parsed); will try to load it.
42201 [main] DEBUG freemarker.cache  - TemplateLoader.findTemplateSource("spark/macros/attributes_en_IN.ftl"): Not found
42201 [main] DEBUG freemarker.cache  - TemplateLoader.findTemplateSource("spark/macros/attributes_en.ftl"): Not found
42202 [main] DEBUG freemarker.cache  - TemplateLoader.findTemplateSource("spark/macros/attributes.ftl"): Found
42202 [main] DEBUG freemarker.cache  - Loading template for "spark/macros/attributes.ftl"("en_IN", UTF-8, parsed) from "jar:file:/C:/Users/Admin/.m2/repository/com/aventstack/extentreports/5.0.9/extentreports-5.0.9.jar!/com/aventstack/extentreports/templates/spark/macros/attributes.ftl"
42205 [main] DEBUG freemarker.cache  - Couldn't find template in cache for "spark/macros/log.ftl"("en_IN", UTF-8, parsed); will try to load it.
42206 [main] DEBUG freemarker.cache  - TemplateLoader.findTemplateSource("spark/macros/log_en_IN.ftl"): Not found
42207 [main] DEBUG freemarker.cache  - TemplateLoader.findTemplateSource("spark/macros/log_en.ftl"): Not found
42207 [main] DEBUG freemarker.cache  - TemplateLoader.findTemplateSource("spark/macros/log.ftl"): Found
42207 [main] DEBUG freemarker.cache  - Loading template for "spark/macros/log.ftl"("en_IN", UTF-8, parsed) from "jar:file:/C:/Users/Admin/.m2/repository/com/aventstack/extentreports/5.0.9/extentreports-5.0.9.jar!/com/aventstack/extentreports/templates/spark/macros/log.ftl"
42210 [main] DEBUG freemarker.cache  - Couldn't find template in cache for "spark/macros/recurse_nodes.ftl"("en_IN", UTF-8, parsed); will try to load it.
42211 [main] DEBUG freemarker.cache  - TemplateLoader.findTemplateSource("spark/macros/recurse_nodes_en_IN.ftl"): Not found
42212 [main] DEBUG freemarker.cache  - TemplateLoader.findTemplateSource("spark/macros/recurse_nodes_en.ftl"): Not found
42212 [main] DEBUG freemarker.cache  - TemplateLoader.findTemplateSource("spark/macros/recurse_nodes.ftl"): Found
42213 [main] DEBUG freemarker.cache  - Loading template for "spark/macros/recurse_nodes.ftl"("en_IN", UTF-8, parsed) from "jar:file:/C:/Users/Admin/.m2/repository/com/aventstack/extentreports/5.0.9/extentreports-5.0.9.jar!/com/aventstack/extentreports/templates/spark/macros/recurse_nodes.ftl"
42218 [main] DEBUG freemarker.cache  - "spark/macros/log.ftl"("en_IN", UTF-8, parsed) cached copy not yet stale; using cached.
42218 [main] DEBUG freemarker.cache  - Couldn't find template in cache for "spark/macros/attr-common.ftl"("en_IN", UTF-8, parsed); will try to load it.
42218 [main] DEBUG freemarker.cache  - TemplateLoader.findTemplateSource("spark/macros/attr-common_en_IN.ftl"): Not found
42219 [main] DEBUG freemarker.cache  - TemplateLoader.findTemplateSource("spark/macros/attr-common_en.ftl"): Not found
42219 [main] DEBUG freemarker.cache  - TemplateLoader.findTemplateSource("spark/macros/attr-common.ftl"): Found
42219 [main] DEBUG freemarker.cache  - Loading template for "spark/macros/attr-common.ftl"("en_IN", UTF-8, parsed) from "jar:file:/C:/Users/Admin/.m2/repository/com/aventstack/extentreports/5.0.9/extentreports-5.0.9.jar!/com/aventstack/extentreports/templates/spark/macros/attr-common.ftl"
42226 [main] DEBUG freemarker.cache  - Couldn't find template in cache for "spark/partials/head.ftl"("en_IN", UTF-8, parsed); will try to load it.
42227 [main] DEBUG freemarker.cache  - TemplateLoader.findTemplateSource("spark/partials/head_en_IN.ftl"): Not found
42227 [main] DEBUG freemarker.cache  - TemplateLoader.findTemplateSource("spark/partials/head_en.ftl"): Not found
42228 [main] DEBUG freemarker.cache  - TemplateLoader.findTemplateSource("spark/partials/head.ftl"): Found
42228 [main] DEBUG freemarker.cache  - Loading template for "spark/partials/head.ftl"("en_IN", UTF-8, parsed) from "jar:file:/C:/Users/Admin/.m2/repository/com/aventstack/extentreports/5.0.9/extentreports-5.0.9.jar!/com/aventstack/extentreports/templates/spark/partials/head.ftl"
42269 [main] DEBUG freemarker.cache  - Couldn't find template in cache for "commons/commons-inject-css.ftl"("en_IN", UTF-8, parsed); will try to load it.
42270 [main] DEBUG freemarker.cache  - TemplateLoader.findTemplateSource("commons/commons-inject-css_en_IN.ftl"): Not found
42271 [main] DEBUG freemarker.cache  - TemplateLoader.findTemplateSource("commons/commons-inject-css_en.ftl"): Not found
42271 [main] DEBUG freemarker.cache  - TemplateLoader.findTemplateSource("commons/commons-inject-css.ftl"): Found
42271 [main] DEBUG freemarker.cache  - Loading template for "commons/commons-inject-css.ftl"("en_IN", UTF-8, parsed) from "jar:file:/C:/Users/Admin/.m2/repository/com/aventstack/extentreports/5.0.9/extentreports-5.0.9.jar!/com/aventstack/extentreports/templates/commons/commons-inject-css.ftl"
42272 [main] DEBUG freemarker.cache  - Couldn't find template in cache for "spark/partials/navbar.ftl"("en_IN", UTF-8, parsed); will try to load it.
42273 [main] DEBUG freemarker.cache  - TemplateLoader.findTemplateSource("spark/partials/navbar_en_IN.ftl"): Not found
42273 [main] DEBUG freemarker.cache  - TemplateLoader.findTemplateSource("spark/partials/navbar_en.ftl"): Not found
42302 [main] DEBUG freemarker.cache  - TemplateLoader.findTemplateSource("spark/partials/navbar.ftl"): Found
42302 [main] DEBUG freemarker.cache  - Loading template for "spark/partials/navbar.ftl"("en_IN", UTF-8, parsed) from "jar:file:/C:/Users/Admin/.m2/repository/com/aventstack/extentreports/5.0.9/extentreports-5.0.9.jar!/com/aventstack/extentreports/templates/spark/partials/navbar.ftl"
42352 [main] DEBUG freemarker.cache  - Couldn't find template in cache for "spark/partials/sidenav.ftl"("en_IN", UTF-8, parsed); will try to load it.
42353 [main] DEBUG freemarker.cache  - TemplateLoader.findTemplateSource("spark/partials/sidenav_en_IN.ftl"): Not found
42353 [main] DEBUG freemarker.cache  - TemplateLoader.findTemplateSource("spark/partials/sidenav_en.ftl"): Not found
42354 [main] DEBUG freemarker.cache  - TemplateLoader.findTemplateSource("spark/partials/sidenav.ftl"): Found
42354 [main] DEBUG freemarker.cache  - Loading template for "spark/partials/sidenav.ftl"("en_IN", UTF-8, parsed) from "jar:file:/C:/Users/Admin/.m2/repository/com/aventstack/extentreports/5.0.9/extentreports-5.0.9.jar!/com/aventstack/extentreports/templates/spark/partials/sidenav.ftl"
42372 [main] DEBUG freemarker.cache  - Couldn't find template in cache for "spark/partials/test.ftl"("en_IN", UTF-8, parsed); will try to load it.
42372 [main] DEBUG freemarker.cache  - TemplateLoader.findTemplateSource("spark/partials/test_en_IN.ftl"): Not found
42373 [main] DEBUG freemarker.cache  - TemplateLoader.findTemplateSource("spark/partials/test_en.ftl"): Not found
42373 [main] DEBUG freemarker.cache  - TemplateLoader.findTemplateSource("spark/partials/test.ftl"): Found
42373 [main] DEBUG freemarker.cache  - Loading template for "spark/partials/test.ftl"("en_IN", UTF-8, parsed) from "jar:file:/C:/Users/Admin/.m2/repository/com/aventstack/extentreports/5.0.9/extentreports-5.0.9.jar!/com/aventstack/extentreports/templates/spark/partials/test.ftl"
42396 [main] DEBUG freemarker.cache  - Couldn't find template in cache for "spark/partials/standard-content.ftl"("en_IN", UTF-8, parsed); will try to load it.
42396 [main] DEBUG freemarker.cache  - TemplateLoader.findTemplateSource("spark/partials/standard-content_en_IN.ftl"): Not found
42397 [main] DEBUG freemarker.cache  - TemplateLoader.findTemplateSource("spark/partials/standard-content_en.ftl"): Not found
42397 [main] DEBUG freemarker.cache  - TemplateLoader.findTemplateSource("spark/partials/standard-content.ftl"): Found
42397 [main] DEBUG freemarker.cache  - Loading template for "spark/partials/standard-content.ftl"("en_IN", UTF-8, parsed) from "jar:file:/C:/Users/Admin/.m2/repository/com/aventstack/extentreports/5.0.9/extentreports-5.0.9.jar!/com/aventstack/extentreports/templates/spark/partials/standard-content.ftl"
42406 [main] DEBUG freemarker.cache  - Couldn't find template in cache for "spark/partials/exception.ftl"("en_IN", UTF-8, parsed); will try to load it.
42407 [main] DEBUG freemarker.cache  - TemplateLoader.findTemplateSource("spark/partials/exception_en_IN.ftl"): Not found
42407 [main] DEBUG freemarker.cache  - TemplateLoader.findTemplateSource("spark/partials/exception_en.ftl"): Not found
42408 [main] DEBUG freemarker.cache  - TemplateLoader.findTemplateSource("spark/partials/exception.ftl"): Found
42408 [main] DEBUG freemarker.cache  - Loading template for "spark/partials/exception.ftl"("en_IN", UTF-8, parsed) from "jar:file:/C:/Users/Admin/.m2/repository/com/aventstack/extentreports/5.0.9/extentreports-5.0.9.jar!/com/aventstack/extentreports/templates/spark/partials/exception.ftl"
42409 [main] DEBUG freemarker.cache  - Couldn't find template in cache for "spark/partials/category.ftl"("en_IN", UTF-8, parsed); will try to load it.
42410 [main] DEBUG freemarker.cache  - TemplateLoader.findTemplateSource("spark/partials/category_en_IN.ftl"): Not found
42410 [main] DEBUG freemarker.cache  - TemplateLoader.findTemplateSource("spark/partials/category_en.ftl"): Not found
42411 [main] DEBUG freemarker.cache  - TemplateLoader.findTemplateSource("spark/partials/category.ftl"): Found
42411 [main] DEBUG freemarker.cache  - Loading template for "spark/partials/category.ftl"("en_IN", UTF-8, parsed) from "jar:file:/C:/Users/Admin/.m2/repository/com/aventstack/extentreports/5.0.9/extentreports-5.0.9.jar!/com/aventstack/extentreports/templates/spark/partials/category.ftl"
42412 [main] DEBUG freemarker.cache  - Couldn't find template in cache for "spark/partials/device.ftl"("en_IN", UTF-8, parsed); will try to load it.
42413 [main] DEBUG freemarker.cache  - TemplateLoader.findTemplateSource("spark/partials/device_en_IN.ftl"): Not found
42413 [main] DEBUG freemarker.cache  - TemplateLoader.findTemplateSource("spark/partials/device_en.ftl"): Not found
42414 [main] DEBUG freemarker.cache  - TemplateLoader.findTemplateSource("spark/partials/device.ftl"): Found
42414 [main] DEBUG freemarker.cache  - Loading template for "spark/partials/device.ftl"("en_IN", UTF-8, parsed) from "jar:file:/C:/Users/Admin/.m2/repository/com/aventstack/extentreports/5.0.9/extentreports-5.0.9.jar!/com/aventstack/extentreports/templates/spark/partials/device.ftl"
42415 [main] DEBUG freemarker.cache  - Couldn't find template in cache for "spark/partials/author.ftl"("en_IN", UTF-8, parsed); will try to load it.
42416 [main] DEBUG freemarker.cache  - TemplateLoader.findTemplateSource("spark/partials/author_en_IN.ftl"): Not found
42416 [main] DEBUG freemarker.cache  - TemplateLoader.findTemplateSource("spark/partials/author_en.ftl"): Not found
42417 [main] DEBUG freemarker.cache  - TemplateLoader.findTemplateSource("spark/partials/author.ftl"): Found
42417 [main] DEBUG freemarker.cache  - Loading template for "spark/partials/author.ftl"("en_IN", UTF-8, parsed) from "jar:file:/C:/Users/Admin/.m2/repository/com/aventstack/extentreports/5.0.9/extentreports-5.0.9.jar!/com/aventstack/extentreports/templates/spark/partials/author.ftl"
42420 [main] DEBUG freemarker.cache  - Couldn't find template in cache for "spark/partials/log.ftl"("en_IN", UTF-8, parsed); will try to load it.
42421 [main] DEBUG freemarker.cache  - TemplateLoader.findTemplateSource("spark/partials/log_en_IN.ftl"): Not found
42422 [main] DEBUG freemarker.cache  - TemplateLoader.findTemplateSource("spark/partials/log_en.ftl"): Not found
42422 [main] DEBUG freemarker.cache  - TemplateLoader.findTemplateSource("spark/partials/log.ftl"): Found
42422 [main] DEBUG freemarker.cache  - Loading template for "spark/partials/log.ftl"("en_IN", UTF-8, parsed) from "jar:file:/C:/Users/Admin/.m2/repository/com/aventstack/extentreports/5.0.9/extentreports-5.0.9.jar!/com/aventstack/extentreports/templates/spark/partials/log.ftl"
42424 [main] DEBUG freemarker.cache  - Couldn't find template in cache for "spark/partials/dashboard.ftl"("en_IN", UTF-8, parsed); will try to load it.
42424 [main] DEBUG freemarker.cache  - TemplateLoader.findTemplateSource("spark/partials/dashboard_en_IN.ftl"): Not found
42425 [main] DEBUG freemarker.cache  - TemplateLoader.findTemplateSource("spark/partials/dashboard_en.ftl"): Not found
42425 [main] DEBUG freemarker.cache  - TemplateLoader.findTemplateSource("spark/partials/dashboard.ftl"): Found
42426 [main] DEBUG freemarker.cache  - Loading template for "spark/partials/dashboard.ftl"("en_IN", UTF-8, parsed) from "jar:file:/C:/Users/Admin/.m2/repository/com/aventstack/extentreports/5.0.9/extentreports-5.0.9.jar!/com/aventstack/extentreports/templates/spark/partials/dashboard.ftl"
42550 [main] DEBUG freemarker.cache  - Couldn't find template in cache for "spark/partials/scripts.ftl"("en_IN", UTF-8, parsed); will try to load it.
42550 [main] DEBUG freemarker.cache  - TemplateLoader.findTemplateSource("spark/partials/scripts_en_IN.ftl"): Not found
42551 [main] DEBUG freemarker.cache  - TemplateLoader.findTemplateSource("spark/partials/scripts_en.ftl"): Not found
42551 [main] DEBUG freemarker.cache  - TemplateLoader.findTemplateSource("spark/partials/scripts.ftl"): Found
42552 [main] DEBUG freemarker.cache  - Loading template for "spark/partials/scripts.ftl"("en_IN", UTF-8, parsed) from "jar:file:/C:/Users/Admin/.m2/repository/com/aventstack/extentreports/5.0.9/extentreports-5.0.9.jar!/com/aventstack/extentreports/templates/spark/partials/scripts.ftl"
42553 [main] DEBUG freemarker.cache  - Couldn't find template in cache for "commons/commons-inject-js.ftl"("en_IN", UTF-8, parsed); will try to load it.
42554 [main] DEBUG freemarker.cache  - TemplateLoader.findTemplateSource("commons/commons-inject-js_en_IN.ftl"): Not found
42555 [main] DEBUG freemarker.cache  - TemplateLoader.findTemplateSource("commons/commons-inject-js_en.ftl"): Not found
42555 [main] DEBUG freemarker.cache  - TemplateLoader.findTemplateSource("commons/commons-inject-js.ftl"): Found
42555 [main] DEBUG freemarker.cache  - Loading template for "commons/commons-inject-js.ftl"("en_IN", UTF-8, parsed) from "jar:file:/C:/Users/Admin/.m2/repository/com/aventstack/extentreports/5.0.9/extentreports-5.0.9.jar!/com/aventstack/extentreports/templates/commons/commons-inject-js.ftl"
]]></system-out>
  </testcase>
  <testcase name="addCustomerTest[{alerttext=Customer added successfully, postcode=qwe123, lastname=Guru, runmode=Y, firstname=Balaji}](2)" classname="testcases.AddCustomerTest" time="0.538"/>
  <testcase name="addCustomerTest[{alerttext=Customer added successfully, postcode=qwe123, lastname=Bala, runmode=Y, firstname=Adhi}](3)" classname="testcases.AddCustomerTest" time="0.572"/>
  <testcase name="addCustomerTest[{alerttext=Customer added successfully, postcode=aqwe, lastname=Raju, runmode=Y, firstname=Ram}](4)" classname="testcases.AddCustomerTest" time="0.417"/>
  <testcase name="openAccountTest[{currency=Rupee, customer=Naga Lekshmanan}](1)" classname="testcases.OpenAccountTest" time="1.819">
    <system-out><![CDATA[==============================================================================================
Total Passed: 6(+4), Failures: 0(+0), Skips: 0(+0)
==============================================================================================
==============================================================================================
Total Passed: 10(+4), Failures: 0(+0), Skips: 0(+0)
==============================================================================================
51660 [main] DEBUG freemarker.cache  - TemplateLoader.findTemplateSource("spark/spark.spa_en_IN.ftl"): Not found
51660 [main] DEBUG freemarker.cache  - TemplateLoader.findTemplateSource("spark/spark.spa_en.ftl"): Not found
51661 [main] DEBUG freemarker.cache  - TemplateLoader.findTemplateSource("spark/spark.spa.ftl"): Found
51662 [main] DEBUG freemarker.cache  - "spark/spark.spa.ftl"("en_IN", UTF-8, parsed): using cached since jar:file:/C:/Users/Admin/.m2/repository/com/aventstack/extentreports/5.0.9/extentreports-5.0.9.jar!/com/aventstack/extentreports/templates/spark/spark.spa.ftl hasn't changed.
51664 [main] DEBUG freemarker.cache  - TemplateLoader.findTemplateSource("commons/commons-variables_en_IN.ftl"): Not found
51665 [main] DEBUG freemarker.cache  - TemplateLoader.findTemplateSource("commons/commons-variables_en.ftl"): Not found
51665 [main] DEBUG freemarker.cache  - TemplateLoader.findTemplateSource("commons/commons-variables.ftl"): Found
51665 [main] DEBUG freemarker.cache  - "commons/commons-variables.ftl"("en_IN", UTF-8, parsed): using cached since jar:file:/C:/Users/Admin/.m2/repository/com/aventstack/extentreports/5.0.9/extentreports-5.0.9.jar!/com/aventstack/extentreports/templates/commons/commons-variables.ftl hasn't changed.
51667 [main] DEBUG freemarker.cache  - TemplateLoader.findTemplateSource("commons/commons-macros_en_IN.ftl"): Not found
51668 [main] DEBUG freemarker.cache  - TemplateLoader.findTemplateSource("commons/commons-macros_en.ftl"): Not found
51668 [main] DEBUG freemarker.cache  - TemplateLoader.findTemplateSource("commons/commons-macros.ftl"): Found
51687 [main] DEBUG freemarker.cache  - "commons/commons-macros.ftl"("en_IN", UTF-8, parsed): using cached since jar:file:/C:/Users/Admin/.m2/repository/com/aventstack/extentreports/5.0.9/extentreports-5.0.9.jar!/com/aventstack/extentreports/templates/commons/commons-macros.ftl hasn't changed.
51693 [main] DEBUG freemarker.cache  - TemplateLoader.findTemplateSource("spark/macros/attributes_en_IN.ftl"): Not found
51694 [main] DEBUG freemarker.cache  - TemplateLoader.findTemplateSource("spark/macros/attributes_en.ftl"): Not found
51694 [main] DEBUG freemarker.cache  - TemplateLoader.findTemplateSource("spark/macros/attributes.ftl"): Found
51694 [main] DEBUG freemarker.cache  - "spark/macros/attributes.ftl"("en_IN", UTF-8, parsed): using cached since jar:file:/C:/Users/Admin/.m2/repository/com/aventstack/extentreports/5.0.9/extentreports-5.0.9.jar!/com/aventstack/extentreports/templates/spark/macros/attributes.ftl hasn't changed.
51695 [main] DEBUG freemarker.cache  - TemplateLoader.findTemplateSource("spark/macros/log_en_IN.ftl"): Not found
51696 [main] DEBUG freemarker.cache  - TemplateLoader.findTemplateSource("spark/macros/log_en.ftl"): Not found
51696 [main] DEBUG freemarker.cache  - TemplateLoader.findTemplateSource("spark/macros/log.ftl"): Found
51696 [main] DEBUG freemarker.cache  - "spark/macros/log.ftl"("en_IN", UTF-8, parsed): using cached since jar:file:/C:/Users/Admin/.m2/repository/com/aventstack/extentreports/5.0.9/extentreports-5.0.9.jar!/com/aventstack/extentreports/templates/spark/macros/log.ftl hasn't changed.
51697 [main] DEBUG freemarker.cache  - TemplateLoader.findTemplateSource("spark/macros/recurse_nodes_en_IN.ftl"): Not found
51698 [main] DEBUG freemarker.cache  - TemplateLoader.findTemplateSource("spark/macros/recurse_nodes_en.ftl"): Not found
51698 [main] DEBUG freemarker.cache  - TemplateLoader.findTemplateSource("spark/macros/recurse_nodes.ftl"): Found
51698 [main] DEBUG freemarker.cache  - "spark/macros/recurse_nodes.ftl"("en_IN", UTF-8, parsed): using cached since jar:file:/C:/Users/Admin/.m2/repository/com/aventstack/extentreports/5.0.9/extentreports-5.0.9.jar!/com/aventstack/extentreports/templates/spark/macros/recurse_nodes.ftl hasn't changed.
51699 [main] DEBUG freemarker.cache  - "spark/macros/log.ftl"("en_IN", UTF-8, parsed) cached copy not yet stale; using cached.
51699 [main] DEBUG freemarker.cache  - TemplateLoader.findTemplateSource("spark/macros/attr-common_en_IN.ftl"): Not found
51700 [main] DEBUG freemarker.cache  - TemplateLoader.findTemplateSource("spark/macros/attr-common_en.ftl"): Not found
51700 [main] DEBUG freemarker.cache  - TemplateLoader.findTemplateSource("spark/macros/attr-common.ftl"): Found
51700 [main] DEBUG freemarker.cache  - "spark/macros/attr-common.ftl"("en_IN", UTF-8, parsed): using cached since jar:file:/C:/Users/Admin/.m2/repository/com/aventstack/extentreports/5.0.9/extentreports-5.0.9.jar!/com/aventstack/extentreports/templates/spark/macros/attr-common.ftl hasn't changed.
51701 [main] DEBUG freemarker.cache  - TemplateLoader.findTemplateSource("spark/partials/head_en_IN.ftl"): Not found
51702 [main] DEBUG freemarker.cache  - TemplateLoader.findTemplateSource("spark/partials/head_en.ftl"): Not found
51702 [main] DEBUG freemarker.cache  - TemplateLoader.findTemplateSource("spark/partials/head.ftl"): Found
51702 [main] DEBUG freemarker.cache  - "spark/partials/head.ftl"("en_IN", UTF-8, parsed): using cached since jar:file:/C:/Users/Admin/.m2/repository/com/aventstack/extentreports/5.0.9/extentreports-5.0.9.jar!/com/aventstack/extentreports/templates/spark/partials/head.ftl hasn't changed.
51704 [main] DEBUG freemarker.cache  - TemplateLoader.findTemplateSource("commons/commons-inject-css_en_IN.ftl"): Not found
51709 [main] DEBUG freemarker.cache  - TemplateLoader.findTemplateSource("commons/commons-inject-css_en.ftl"): Not found
51710 [main] DEBUG freemarker.cache  - TemplateLoader.findTemplateSource("commons/commons-inject-css.ftl"): Found
51711 [main] DEBUG freemarker.cache  - "commons/commons-inject-css.ftl"("en_IN", UTF-8, parsed): using cached since jar:file:/C:/Users/Admin/.m2/repository/com/aventstack/extentreports/5.0.9/extentreports-5.0.9.jar!/com/aventstack/extentreports/templates/commons/commons-inject-css.ftl hasn't changed.
51712 [main] DEBUG freemarker.cache  - TemplateLoader.findTemplateSource("spark/partials/navbar_en_IN.ftl"): Not found
51712 [main] DEBUG freemarker.cache  - TemplateLoader.findTemplateSource("spark/partials/navbar_en.ftl"): Not found
51713 [main] DEBUG freemarker.cache  - TemplateLoader.findTemplateSource("spark/partials/navbar.ftl"): Found
51713 [main] DEBUG freemarker.cache  - "spark/partials/navbar.ftl"("en_IN", UTF-8, parsed): using cached since jar:file:/C:/Users/Admin/.m2/repository/com/aventstack/extentreports/5.0.9/extentreports-5.0.9.jar!/com/aventstack/extentreports/templates/spark/partials/navbar.ftl hasn't changed.
51714 [main] DEBUG freemarker.cache  - TemplateLoader.findTemplateSource("spark/partials/sidenav_en_IN.ftl"): Not found
51714 [main] DEBUG freemarker.cache  - TemplateLoader.findTemplateSource("spark/partials/sidenav_en.ftl"): Not found
51715 [main] DEBUG freemarker.cache  - TemplateLoader.findTemplateSource("spark/partials/sidenav.ftl"): Found
51715 [main] DEBUG freemarker.cache  - "spark/partials/sidenav.ftl"("en_IN", UTF-8, parsed): using cached since jar:file:/C:/Users/Admin/.m2/repository/com/aventstack/extentreports/5.0.9/extentreports-5.0.9.jar!/com/aventstack/extentreports/templates/spark/partials/sidenav.ftl hasn't changed.
51729 [main] DEBUG freemarker.cache  - TemplateLoader.findTemplateSource("spark/partials/test_en_IN.ftl"): Not found
51730 [main] DEBUG freemarker.cache  - TemplateLoader.findTemplateSource("spark/partials/test_en.ftl"): Not found
51730 [main] DEBUG freemarker.cache  - TemplateLoader.findTemplateSource("spark/partials/test.ftl"): Found
51731 [main] DEBUG freemarker.cache  - "spark/partials/test.ftl"("en_IN", UTF-8, parsed): using cached since jar:file:/C:/Users/Admin/.m2/repository/com/aventstack/extentreports/5.0.9/extentreports-5.0.9.jar!/com/aventstack/extentreports/templates/spark/partials/test.ftl hasn't changed.
51734 [main] DEBUG freemarker.cache  - TemplateLoader.findTemplateSource("spark/partials/standard-content_en_IN.ftl"): Not found
51734 [main] DEBUG freemarker.cache  - TemplateLoader.findTemplateSource("spark/partials/standard-content_en.ftl"): Not found
51735 [main] DEBUG freemarker.cache  - TemplateLoader.findTemplateSource("spark/partials/standard-content.ftl"): Found
51735 [main] DEBUG freemarker.cache  - "spark/partials/standard-content.ftl"("en_IN", UTF-8, parsed): using cached since jar:file:/C:/Users/Admin/.m2/repository/com/aventstack/extentreports/5.0.9/extentreports-5.0.9.jar!/com/aventstack/extentreports/templates/spark/partials/standard-content.ftl hasn't changed.
51743 [main] DEBUG freemarker.cache  - "spark/partials/standard-content.ftl"("en_IN", UTF-8, parsed) cached copy not yet stale; using cached.
51747 [main] DEBUG freemarker.cache  - "spark/partials/standard-content.ftl"("en_IN", UTF-8, parsed) cached copy not yet stale; using cached.
51752 [main] DEBUG freemarker.cache  - "spark/partials/standard-content.ftl"("en_IN", UTF-8, parsed) cached copy not yet stale; using cached.
51758 [main] DEBUG freemarker.cache  - "spark/partials/standard-content.ftl"("en_IN", UTF-8, parsed) cached copy not yet stale; using cached.
51761 [main] DEBUG freemarker.cache  - TemplateLoader.findTemplateSource("spark/partials/exception_en_IN.ftl"): Not found
51761 [main] DEBUG freemarker.cache  - TemplateLoader.findTemplateSource("spark/partials/exception_en.ftl"): Not found
51761 [main] DEBUG freemarker.cache  - TemplateLoader.findTemplateSource("spark/partials/exception.ftl"): Found
51762 [main] DEBUG freemarker.cache  - "spark/partials/exception.ftl"("en_IN", UTF-8, parsed): using cached since jar:file:/C:/Users/Admin/.m2/repository/com/aventstack/extentreports/5.0.9/extentreports-5.0.9.jar!/com/aventstack/extentreports/templates/spark/partials/exception.ftl hasn't changed.
51762 [main] DEBUG freemarker.cache  - TemplateLoader.findTemplateSource("spark/partials/category_en_IN.ftl"): Not found
51763 [main] DEBUG freemarker.cache  - TemplateLoader.findTemplateSource("spark/partials/category_en.ftl"): Not found
51763 [main] DEBUG freemarker.cache  - TemplateLoader.findTemplateSource("spark/partials/category.ftl"): Found
51763 [main] DEBUG freemarker.cache  - "spark/partials/category.ftl"("en_IN", UTF-8, parsed): using cached since jar:file:/C:/Users/Admin/.m2/repository/com/aventstack/extentreports/5.0.9/extentreports-5.0.9.jar!/com/aventstack/extentreports/templates/spark/partials/category.ftl hasn't changed.
51764 [main] DEBUG freemarker.cache  - TemplateLoader.findTemplateSource("spark/partials/device_en_IN.ftl"): Not found
51764 [main] DEBUG freemarker.cache  - TemplateLoader.findTemplateSource("spark/partials/device_en.ftl"): Not found
51764 [main] DEBUG freemarker.cache  - TemplateLoader.findTemplateSource("spark/partials/device.ftl"): Found
51764 [main] DEBUG freemarker.cache  - "spark/partials/device.ftl"("en_IN", UTF-8, parsed): using cached since jar:file:/C:/Users/Admin/.m2/repository/com/aventstack/extentreports/5.0.9/extentreports-5.0.9.jar!/com/aventstack/extentreports/templates/spark/partials/device.ftl hasn't changed.
51766 [main] DEBUG freemarker.cache  - TemplateLoader.findTemplateSource("spark/partials/author_en_IN.ftl"): Not found
51766 [main] DEBUG freemarker.cache  - TemplateLoader.findTemplateSource("spark/partials/author_en.ftl"): Not found
51767 [main] DEBUG freemarker.cache  - TemplateLoader.findTemplateSource("spark/partials/author.ftl"): Found
51767 [main] DEBUG freemarker.cache  - "spark/partials/author.ftl"("en_IN", UTF-8, parsed): using cached since jar:file:/C:/Users/Admin/.m2/repository/com/aventstack/extentreports/5.0.9/extentreports-5.0.9.jar!/com/aventstack/extentreports/templates/spark/partials/author.ftl hasn't changed.
51768 [main] DEBUG freemarker.cache  - TemplateLoader.findTemplateSource("spark/partials/log_en_IN.ftl"): Not found
51769 [main] DEBUG freemarker.cache  - TemplateLoader.findTemplateSource("spark/partials/log_en.ftl"): Not found
51769 [main] DEBUG freemarker.cache  - TemplateLoader.findTemplateSource("spark/partials/log.ftl"): Found
51769 [main] DEBUG freemarker.cache  - "spark/partials/log.ftl"("en_IN", UTF-8, parsed): using cached since jar:file:/C:/Users/Admin/.m2/repository/com/aventstack/extentreports/5.0.9/extentreports-5.0.9.jar!/com/aventstack/extentreports/templates/spark/partials/log.ftl hasn't changed.
51770 [main] DEBUG freemarker.cache  - TemplateLoader.findTemplateSource("spark/partials/dashboard_en_IN.ftl"): Not found
51771 [main] DEBUG freemarker.cache  - TemplateLoader.findTemplateSource("spark/partials/dashboard_en.ftl"): Not found
51771 [main] DEBUG freemarker.cache  - TemplateLoader.findTemplateSource("spark/partials/dashboard.ftl"): Found
51772 [main] DEBUG freemarker.cache  - "spark/partials/dashboard.ftl"("en_IN", UTF-8, parsed): using cached since jar:file:/C:/Users/Admin/.m2/repository/com/aventstack/extentreports/5.0.9/extentreports-5.0.9.jar!/com/aventstack/extentreports/templates/spark/partials/dashboard.ftl hasn't changed.
51780 [main] DEBUG freemarker.cache  - TemplateLoader.findTemplateSource("spark/partials/scripts_en_IN.ftl"): Not found
51780 [main] DEBUG freemarker.cache  - TemplateLoader.findTemplateSource("spark/partials/scripts_en.ftl"): Not found
51781 [main] DEBUG freemarker.cache  - TemplateLoader.findTemplateSource("spark/partials/scripts.ftl"): Found
51781 [main] DEBUG freemarker.cache  - "spark/partials/scripts.ftl"("en_IN", UTF-8, parsed): using cached since jar:file:/C:/Users/Admin/.m2/repository/com/aventstack/extentreports/5.0.9/extentreports-5.0.9.jar!/com/aventstack/extentreports/templates/spark/partials/scripts.ftl hasn't changed.
51782 [main] DEBUG freemarker.cache  - TemplateLoader.findTemplateSource("commons/commons-inject-js_en_IN.ftl"): Not found
51782 [main] DEBUG freemarker.cache  - TemplateLoader.findTemplateSource("commons/commons-inject-js_en.ftl"): Not found
51783 [main] DEBUG freemarker.cache  - TemplateLoader.findTemplateSource("commons/commons-inject-js.ftl"): Found
51783 [main] DEBUG freemarker.cache  - "commons/commons-inject-js.ftl"("en_IN", UTF-8, parsed): using cached since jar:file:/C:/Users/Admin/.m2/repository/com/aventstack/extentreports/5.0.9/extentreports-5.0.9.jar!/com/aventstack/extentreports/templates/commons/commons-inject-js.ftl hasn't changed.
]]></system-out>
  </testcase>
</testsuite>