<?xml version="1.0" encoding="UTF-8"?>
<testng-results ignored="0" total="6" passed="6" failed="0" skipped="0">
  <reporter-output>
  </reporter-output>
  <suite started-at="2021-10-11T00:09:37 BST" name="Data Driven Sample" finished-at="2021-10-11T00:09:56 BST" duration-ms="18509">
    <groups>
    </groups>
    <test started-at="2021-10-11T00:09:37 BST" name="Bank Manager Login Test" finished-at="2021-10-11T00:09:42 BST" duration-ms="5318">
      <class name="testcases.BankManagerLoginTest">
        <test-method signature="bankManagerLoginTest()[pri:0, instance:testcases.BankManagerLoginTest@15bcf458]" started-at="2021-10-11T00:09:37 BST" name="bankManagerLoginTest" finished-at="2021-10-11T00:09:42 BST" duration-ms="5252" status="PASS">
          <reporter-output>
          </reporter-output>
        </test-method> <!-- bankManagerLoginTest -->
      </class> <!-- testcases.BankManagerLoginTest -->
    </test> <!-- Bank Manager Login Test -->
    <test started-at="2021-10-11T00:09:44 BST" name="Add Customer Test" finished-at="2021-10-11T00:09:53 BST" duration-ms="9053">
      <class name="testcases.AddCustomerTest">
        <test-method signature="addCustomerTest(java.util.Hashtable)[pri:0, instance:testcases.AddCustomerTest@41382722]" started-at="2021-10-11T00:09:44 BST" name="addCustomerTest" data-provider="dp" finished-at="2021-10-11T00:09:52 BST" duration-ms="7498" status="PASS">
          <params>
            <param index="0">
              <value>
                <![CDATA[{alerttext=Customer added successfully, postcode=qwe123, lastname=Lekshmanan, runmode=Y, firstname=Naga}]]>
              </value>
            </param>
          </params>
          <reporter-output>
          </reporter-output>
        </test-method> <!-- addCustomerTest -->
        <test-method signature="addCustomerTest(java.util.Hashtable)[pri:0, instance:testcases.AddCustomerTest@41382722]" started-at="2021-10-11T00:09:52 BST" name="addCustomerTest" data-provider="dp" finished-at="2021-10-11T00:09:52 BST" duration-ms="537" status="PASS">
          <params>
            <param index="0">
              <value>
                <![CDATA[{alerttext=Customer added successfully, postcode=qwe123, lastname=Guru, runmode=Y, firstname=Balaji}]]>
              </value>
            </param>
          </params>
          <reporter-output>
          </reporter-output>
        </test-method> <!-- addCustomerTest -->
        <test-method signature="addCustomerTest(java.util.Hashtable)[pri:0, instance:testcases.AddCustomerTest@41382722]" started-at="2021-10-11T00:09:52 BST" name="addCustomerTest" data-provider="dp" finished-at="2021-10-11T00:09:53 BST" duration-ms="565" status="PASS">
          <params>
            <param index="0">
              <value>
                <![CDATA[{alerttext=Customer added successfully, postcode=qwe123, lastname=Bala, runmode=Y, firstname=Adhi}]]>
              </value>
            </param>
          </params>
          <reporter-output>
          </reporter-output>
        </test-method> <!-- addCustomerTest -->
        <test-method signature="addCustomerTest(java.util.Hashtable)[pri:0, instance:testcases.AddCustomerTest@41382722]" started-at="2021-10-11T00:09:53 BST" name="addCustomerTest" data-provider="dp" finished-at="2021-10-11T00:09:53 BST" duration-ms="423" status="PASS">
          <params>
            <param index="0">
              <value>
                <![CDATA[{alerttext=Customer added successfully, postcode=aqwe, lastname=Raju, runmode=Y, firstname=Ram}]]>
              </value>
            </param>
          </params>
          <reporter-output>
          </reporter-output>
        </test-method> <!-- addCustomerTest -->
      </class> <!-- testcases.AddCustomerTest -->
    </test> <!-- Add Customer Test -->
    <test started-at="2021-10-11T00:09:54 BST" name="Open Account Test" finished-at="2021-10-11T00:09:56 BST" duration-ms="1914">
      <class name="testcases.OpenAccountTest">
        <test-method is-config="true" signature="setUp()[pri:0, instance:testcases.OpenAccountTest@65f87a2c]" started-at="2021-10-11T00:09:02 BST" name="setUp" finished-at="2021-10-11T00:09:37 BST" duration-ms="35230" status="PASS">
          <reporter-output>
          </reporter-output>
        </test-method> <!-- setUp -->
        <test-method signature="openAccountTest(java.util.Hashtable)[pri:0, instance:testcases.OpenAccountTest@65f87a2c]" started-at="2021-10-11T00:09:54 BST" name="openAccountTest" data-provider="dp" finished-at="2021-10-11T00:09:56 BST" duration-ms="1911" status="PASS">
          <params>
            <param index="0">
              <value>
                <![CDATA[{currency=Rupee, customer=Naga Lekshmanan}]]>
              </value>
            </param>
          </params>
          <reporter-output>
          </reporter-output>
        </test-method> <!-- openAccountTest -->
        <test-method is-config="true" signature="tearDown()[pri:0, instance:testcases.OpenAccountTest@65f87a2c]" started-at="2021-10-11T00:09:56 BST" name="tearDown" finished-at="2021-10-11T00:09:57 BST" duration-ms="1861" status="PASS">
          <reporter-output>
          </reporter-output>
        </test-method> <!-- tearDown -->
      </class> <!-- testcases.OpenAccountTest -->
    </test> <!-- Open Account Test -->
  </suite> <!-- Data Driven Sample -->
</testng-results>
