<?xml version="1.0" encoding="UTF-8"?>
<testsuite name="Add Customer Test"
           tests="4"
           failures="0"
           errors="0"
           skipped="0"
           time="3.824">
  <properties />
  
  
            <testcase name="addCustomerTest" time="2.205" classname="testcases.AddCustomerTest" />
                <testcase name="addCustomerTest" time="0.630" classname="testcases.AddCustomerTest" />
                <testcase name="addCustomerTest" time="0.422" classname="testcases.AddCustomerTest" />
                <testcase name="addCustomerTest" time="0.567" classname="testcases.AddCustomerTest" />
      
</testsuite>
