<?xml version="1.0" encoding="UTF-8"?>
<testng-results ignored="0" total="6" passed="6" failed="0" skipped="0">
  <reporter-output>
  </reporter-output>
  <suite started-at="2021-10-05T18:00:33 BST" name="Data Driven Sample" finished-at="2021-10-05T18:00:38 BST" duration-ms="5142">
    <groups>
    </groups>
    <test started-at="2021-10-05T18:00:33 BST" name="Bank Manager Login Test" finished-at="2021-10-05T18:00:33 BST" duration-ms="435">
      <class name="testcases.BankManagerLoginTest">
        <test-method signature="bankManagerLoginTest()[pri:0, instance:testcases.BankManagerLoginTest@588ab592]" started-at="2021-10-05T18:00:33 BST" name="bankManagerLoginTest" finished-at="2021-10-05T18:00:33 BST" duration-ms="362" status="PASS">
          <reporter-output>
          </reporter-output>
        </test-method> <!-- bankManagerLoginTest -->
      </class> <!-- testcases.BankManagerLoginTest -->
    </test> <!-- Bank Manager Login Test -->
    <test started-at="2021-10-05T18:00:34 BST" name="Add Customer Test" finished-at="2021-10-05T18:00:37 BST" duration-ms="3130">
      <class name="testcases.AddCustomerTest">
        <test-method signature="addCustomerTest(java.util.Hashtable)[pri:0, instance:testcases.AddCustomerTest@3fabf088]" started-at="2021-10-05T18:00:34 BST" name="addCustomerTest" data-provider="dp" finished-at="2021-10-05T18:00:35 BST" duration-ms="1543" status="PASS">
          <params>
            <param index="0">
              <value>
                <![CDATA[{alerttext=Customer added successfully, postcode=qwe123, lastname=Lekshmanan, runmode=Y, firstname=Naga}]]>
              </value>
            </param>
          </params>
          <reporter-output>
          </reporter-output>
        </test-method> <!-- addCustomerTest -->
        <test-method signature="addCustomerTest(java.util.Hashtable)[pri:0, instance:testcases.AddCustomerTest@3fabf088]" started-at="2021-10-05T18:00:35 BST" name="addCustomerTest" data-provider="dp" finished-at="2021-10-05T18:00:36 BST" duration-ms="483" status="PASS">
          <params>
            <param index="0">
              <value>
                <![CDATA[{alerttext=Customer added successfully, postcode=qwe123, lastname=Guru, runmode=Y, firstname=Balaji}]]>
              </value>
            </param>
          </params>
          <reporter-output>
          </reporter-output>
        </test-method> <!-- addCustomerTest -->
        <test-method signature="addCustomerTest(java.util.Hashtable)[pri:0, instance:testcases.AddCustomerTest@3fabf088]" started-at="2021-10-05T18:00:36 BST" name="addCustomerTest" data-provider="dp" finished-at="2021-10-05T18:00:36 BST" duration-ms="582" status="PASS">
          <params>
            <param index="0">
              <value>
                <![CDATA[{alerttext=Customer added successfully, postcode=qwe123, lastname=Bala, runmode=Y, firstname=Adhi}]]>
              </value>
            </param>
          </params>
          <reporter-output>
          </reporter-output>
        </test-method> <!-- addCustomerTest -->
        <test-method signature="addCustomerTest(java.util.Hashtable)[pri:0, instance:testcases.AddCustomerTest@3fabf088]" started-at="2021-10-05T18:00:36 BST" name="addCustomerTest" data-provider="dp" finished-at="2021-10-05T18:00:37 BST" duration-ms="474" status="PASS">
          <params>
            <param index="0">
              <value>
                <![CDATA[{alerttext=Customer added successfully, postcode=aqwe, lastname=Raju, runmode=Y, firstname=Ram}]]>
              </value>
            </param>
          </params>
          <reporter-output>
          </reporter-output>
        </test-method> <!-- addCustomerTest -->
      </class> <!-- testcases.AddCustomerTest -->
    </test> <!-- Add Customer Test -->
    <test started-at="2021-10-05T18:00:37 BST" name="Open Account Test" finished-at="2021-10-05T18:00:38 BST" duration-ms="867">
      <class name="testcases.OpenAccountTest">
        <test-method is-config="true" signature="setUp()[pri:0, instance:testcases.OpenAccountTest@51b01960]" started-at="2021-10-05T18:00:24 BST" name="setUp" finished-at="2021-10-05T18:00:33 BST" duration-ms="8341" status="PASS">
          <reporter-output>
          </reporter-output>
        </test-method> <!-- setUp -->
        <test-method signature="openAccountTest(java.util.Hashtable)[pri:0, instance:testcases.OpenAccountTest@51b01960]" started-at="2021-10-05T18:00:37 BST" name="openAccountTest" data-provider="dp" finished-at="2021-10-05T18:00:38 BST" duration-ms="849" status="PASS">
          <params>
            <param index="0">
              <value>
                <![CDATA[{currency=Rupee, customer=Naga Lekshmanan}]]>
              </value>
            </param>
          </params>
          <reporter-output>
          </reporter-output>
        </test-method> <!-- openAccountTest -->
        <test-method is-config="true" signature="tearDown()[pri:0, instance:testcases.OpenAccountTest@51b01960]" started-at="2021-10-05T18:00:38 BST" name="tearDown" finished-at="2021-10-05T18:00:39 BST" duration-ms="776" status="PASS">
          <reporter-output>
          </reporter-output>
        </test-method> <!-- tearDown -->
      </class> <!-- testcases.OpenAccountTest -->
    </test> <!-- Open Account Test -->
  </suite> <!-- Data Driven Sample -->
</testng-results>
